[ERROR] 2017-11-18 13:57:54.078 [main] db - File config.properties was not found. config.properties (El sistema no puede encontrar el archivo especificado)
[ERROR] 2017-11-18 13:59:40.626 [main] db - File config.properties was not found. resources\config.properties (El sistema no puede encontrar la ruta especificada)
[DEBUG] 2017-11-18 14:05:16.740 [main] db - Database: mti
[DEBUG] 2017-11-18 14:05:16.742 [main] db - DB user: mti_app
[DEBUG] 2017-11-18 14:05:16.742 [main] db - DB password: mti_app
[DEBUG] 2017-11-18 17:45:52.973 [main] db - Database: mti
[DEBUG] 2017-11-18 17:45:52.975 [main] db - DB user: mti_app
[DEBUG] 2017-11-18 17:45:52.975 [main] db - DB password: mti_app
[DEBUG] 2017-11-18 17:45:52.975 [main] db - Database: mti
[DEBUG] 2017-11-18 17:45:52.976 [main] db - DB user: mti_app
[DEBUG] 2017-11-18 17:45:52.976 [main] db - DB password: mti_app
[ERROR] 2017-11-18 17:45:52.980 [main] db - Error connecting to the database mti. No suitable driver found for jdbc:mariadb://localhost:3306/mti?user=mti_app&password=mti_app
[DEBUG] 2017-11-18 17:54:50.472 [main] db - Database: mti
[DEBUG] 2017-11-18 17:54:50.474 [main] db - DB user: mti_app
[DEBUG] 2017-11-18 17:54:50.474 [main] db - DB password: mti_app
[DEBUG] 2017-11-18 17:54:50.474 [main] db - Database: mti
[DEBUG] 2017-11-18 17:54:50.474 [main] db - DB user: mti_app
[DEBUG] 2017-11-18 17:54:50.474 [main] db - DB password: mti_app
[ERROR] 2017-11-18 17:54:50.478 [main] db - Error connecting to the database mti. No suitable driver found for jdbc:mariadb://localhost:3306/mti?user=mti_app&password=mti_app
[DEBUG] 2017-11-18 18:10:52.869 [main] db - Database: mti
[DEBUG] 2017-11-18 18:10:52.871 [main] db - DB user: mti_app
[DEBUG] 2017-11-18 18:10:52.871 [main] db - DB password: mti_app
[DEBUG] 2017-11-18 18:14:12.136 [main] db - Database: mti
[DEBUG] 2017-11-18 18:14:12.138 [main] db - DB user: mti_app
[DEBUG] 2017-11-18 18:14:12.138 [main] db - DB password: mti_app
[ERROR] 2017-11-18 18:14:12.182 [main] db - Error getting cuentas from DB Access denied for user 'root'@'localhost' (using password: YES)
[DEBUG] 2017-11-18 18:18:15.389 [main] db - Database: mti
[DEBUG] 2017-11-18 18:18:15.391 [main] db - DB user: mti_app
[DEBUG] 2017-11-18 18:18:15.391 [main] db - DB password: mti_app
[DEBUG] 2017-11-18 18:22:23.232 [main] db - Database: mti
[DEBUG] 2017-11-18 18:22:23.235 [main] db - DB user: mti_app
[DEBUG] 2017-11-18 18:22:23.235 [main] db - DB password: mti_app
[DEBUG] 2017-11-18 18:30:43.243 [main] db - Database: mti
[DEBUG] 2017-11-18 18:30:43.245 [main] db - DB user: mti_app
[DEBUG] 2017-11-18 18:30:43.245 [main] db - DB password: mti_app
[DEBUG] 2017-11-18 18:33:34.631 [main] db - Database: mti
[DEBUG] 2017-11-18 18:33:34.633 [main] db - DB user: mti_app
[DEBUG] 2017-11-18 18:33:34.633 [main] db - DB password: mti_app
[DEBUG] 2017-11-18 18:33:34.685 [main] db - Cuenta: idCuenta: CUAAD_UdeG, nombre: CUAAD - Arte, Arquitectura y Diseño, latitud: 20.740101, longitud: -103.311887, url: url, maxId0
[DEBUG] 2017-11-18 18:33:34.685 [main] db - Cuenta: idCuenta: CUAltos, nombre: CUALTOS - Tepatitlán de Morelos Centro Universitario de los Altos, latitud: 20.844595, longitud: -102.783088, url: url, maxId0
[DEBUG] 2017-11-18 18:33:34.685 [main] db - Cuenta: idCuenta: cucba_udg, nombre: CUCBA - Ciencias Biológicas y Agropecuarias, latitud: 20.746823, longitud: -103.512479, url: url, maxId0
[DEBUG] 2017-11-18 18:33:34.686 [main] db - Cuenta: idCuenta: CUCEA_OFICIAL, nombre: CUCEA - Ciencias Económico-Administrativas, latitud: 20.740984, longitud: -103.380665, url: url, maxId0
[DEBUG] 2017-11-18 18:33:34.686 [main] db - Cuenta: idCuenta: cuci_oficial, nombre: CUCIÉNEGA - Ocotlán Centro Universitario de la Ciénega, latitud: 20.370448, longitud: -102.768411, url: url, maxId0
[DEBUG] 2017-11-18 18:33:34.686 [main] db - Cuenta: idCuenta: CUCosta, nombre: CUCOSTA - Puerto Vallarta Centro Universitario de la Costa, latitud: 20.706726, longitud: -105.220744, url: url, maxId0
[DEBUG] 2017-11-18 18:33:34.686 [main] db - Cuenta: idCuenta: CUCSur, nombre: CUCSUR - Autlán de Navarro Centro Universitario de la Costa Sur, latitud: 19.77471, longitud: -104.357577, url: url, maxId0
[DEBUG] 2017-11-18 18:33:34.686 [main] db - Cuenta: idCuenta: CULagos_UdeG, nombre: CULAGOS - Lagos de Moreno Centro Universitario de los Lagos, latitud: 21.356797, longitud: -101.951841, url: url, maxId0
[DEBUG] 2017-11-18 18:33:34.686 [main] db - Cuenta: idCuenta: cunorte_udg, nombre: CUNORTE - Colotlán Centro Universitario del Norte, latitud: 22.13673, longitud: -103.243741, url: url, maxId0
[DEBUG] 2017-11-18 18:33:34.686 [main] db - Cuenta: idCuenta: CUSur_UdeG, nombre: CUSUR - Ciudad GuzmánCentro Universitario del Sur, latitud: 19.723272, longitud: -103.459895, url: url, maxId0
[DEBUG] 2017-11-18 18:33:34.686 [main] db - Cuenta: idCuenta: Cutonala_udg, nombre: CUTONALÁ - Tonalá Centro Universitario de Tonalá, latitud: 20.558887, longitud: -103.224925, url: url, maxId0
[DEBUG] 2017-11-18 18:33:34.687 [main] db - Cuenta: idCuenta: cuvallesudg, nombre: CUVALLES - Ameca Centro Universitario de los Valles, latitud: 20.534555, longitud: -103.967294, url: url, maxId0
[DEBUG] 2017-11-18 18:33:34.687 [main] db - Cuenta: idCuenta: DifundeCUCSH, nombre: CUCSH - Ciencias Sociales y Humanidades, latitud: 20.694371, longitud: -103.349656, url: url, maxId0
[DEBUG] 2017-11-18 18:33:34.687 [main] db - Cuenta: idCuenta: OficialCUCS, nombre: CUCS - Ciencias de la Salud, latitud: 20.687195, longitud: -103.334196, url: url, maxId0
[DEBUG] 2017-11-18 18:33:34.687 [main] db - Cuenta: idCuenta: udgcucei, nombre: CUCEI - Ciencias Exactas e Ingenierías, latitud: 20.65935, longitud: -103.323759, url: url, maxId0
[ERROR] 2017-11-18 19:24:14.726 [main] db - Error getting cuentas from DB Access denied for user 'null'@'localhost' (using password: YES)
[DEBUG] 2017-11-18 19:32:18.697 [main] db - Database: mti
[DEBUG] 2017-11-18 19:32:18.699 [main] db - DB user: mti_app
[DEBUG] 2017-11-18 19:32:18.699 [main] db - DB password: mti_app
[DEBUG] 2017-11-18 19:34:28.293 [main] db - Database: mti
[DEBUG] 2017-11-18 19:34:28.295 [main] db - DB user: mti_app
[DEBUG] 2017-11-18 19:34:28.295 [main] db - DB password: mti_app
[DEBUG] 2017-11-18 19:34:28.349 [main] db - Cuenta: idCuenta: CUAAD_UdeG, nombre: CUAAD - Arte, Arquitectura y Diseño, latitud: 20.740101, longitud: -103.311887, url: url, maxId: 0
[DEBUG] 2017-11-18 19:34:28.349 [main] db - Cuenta: idCuenta: CUAltos, nombre: CUALTOS - Tepatitlán de Morelos Centro Universitario de los Altos, latitud: 20.844595, longitud: -102.783088, url: url, maxId: 0
[DEBUG] 2017-11-18 19:34:28.349 [main] db - Cuenta: idCuenta: cucba_udg, nombre: CUCBA - Ciencias Biológicas y Agropecuarias, latitud: 20.746823, longitud: -103.512479, url: url, maxId: 0
[DEBUG] 2017-11-18 19:34:28.350 [main] db - Cuenta: idCuenta: CUCEA_OFICIAL, nombre: CUCEA - Ciencias Económico-Administrativas, latitud: 20.740984, longitud: -103.380665, url: url, maxId: 0
[DEBUG] 2017-11-18 19:34:28.350 [main] db - Cuenta: idCuenta: cuci_oficial, nombre: CUCIÉNEGA - Ocotlán Centro Universitario de la Ciénega, latitud: 20.370448, longitud: -102.768411, url: url, maxId: 0
[DEBUG] 2017-11-18 19:34:28.350 [main] db - Cuenta: idCuenta: CUCosta, nombre: CUCOSTA - Puerto Vallarta Centro Universitario de la Costa, latitud: 20.706726, longitud: -105.220744, url: url, maxId: 0
[DEBUG] 2017-11-18 19:34:28.350 [main] db - Cuenta: idCuenta: CUCSur, nombre: CUCSUR - Autlán de Navarro Centro Universitario de la Costa Sur, latitud: 19.77471, longitud: -104.357577, url: url, maxId: 0
[DEBUG] 2017-11-18 19:34:28.350 [main] db - Cuenta: idCuenta: CULagos_UdeG, nombre: CULAGOS - Lagos de Moreno Centro Universitario de los Lagos, latitud: 21.356797, longitud: -101.951841, url: url, maxId: 0
[DEBUG] 2017-11-18 19:34:28.350 [main] db - Cuenta: idCuenta: cunorte_udg, nombre: CUNORTE - Colotlán Centro Universitario del Norte, latitud: 22.13673, longitud: -103.243741, url: url, maxId: 0
[DEBUG] 2017-11-18 19:34:28.350 [main] db - Cuenta: idCuenta: CUSur_UdeG, nombre: CUSUR - Ciudad GuzmánCentro Universitario del Sur, latitud: 19.723272, longitud: -103.459895, url: url, maxId: 0
[DEBUG] 2017-11-18 19:34:28.350 [main] db - Cuenta: idCuenta: Cutonala_udg, nombre: CUTONALÁ - Tonalá Centro Universitario de Tonalá, latitud: 20.558887, longitud: -103.224925, url: url, maxId: 0
[DEBUG] 2017-11-18 19:34:28.351 [main] db - Cuenta: idCuenta: cuvallesudg, nombre: CUVALLES - Ameca Centro Universitario de los Valles, latitud: 20.534555, longitud: -103.967294, url: url, maxId: 0
[DEBUG] 2017-11-18 19:34:28.351 [main] db - Cuenta: idCuenta: DifundeCUCSH, nombre: CUCSH - Ciencias Sociales y Humanidades, latitud: 20.694371, longitud: -103.349656, url: url, maxId: 0
[DEBUG] 2017-11-18 19:34:28.351 [main] db - Cuenta: idCuenta: OficialCUCS, nombre: CUCS - Ciencias de la Salud, latitud: 20.687195, longitud: -103.334196, url: url, maxId: 0
[DEBUG] 2017-11-18 19:34:28.351 [main] db - Cuenta: idCuenta: udgcucei, nombre: CUCEI - Ciencias Exactas e Ingenierías, latitud: 20.65935, longitud: -103.323759, url: url, maxId: 0
[DEBUG] 2017-11-19 12:18:48.509 [main] db - Database: mti
[DEBUG] 2017-11-19 12:18:48.511 [main] db - DB user: mti_app
[DEBUG] 2017-11-19 12:18:48.511 [main] db - DB password: mti_app
[DEBUG] 2017-11-19 12:18:48.562 [main] db - Database: mti
[DEBUG] 2017-11-19 12:18:48.562 [main] db - DB user: mti_app
[DEBUG] 2017-11-19 12:18:48.562 [main] db - DB password: mti_app
[ERROR] 2017-11-19 12:18:48.568 [main] db - Error updating cuenta [idCuenta: Trafico_ZMG, nombre: Tráfico Zona Metropolitana de Guadalajara, latitud: null, longitud: null, url: null, maxId: 100] Could not set parameter at position 0 (values was 'Trafico_ZMG')
Query - conn:25(M)  - "UPDATE CUENTAS SET MAX_ID = ? WHERE ID_CUENTA = ?"
[DEBUG] 2017-11-19 12:23:04.134 [main] db - Database: mti
[DEBUG] 2017-11-19 12:23:04.136 [main] db - DB user: mti_app
[DEBUG] 2017-11-19 12:23:04.136 [main] db - DB password: mti_app
[DEBUG] 2017-11-19 12:23:04.192 [main] db - Database: mti
[DEBUG] 2017-11-19 12:23:04.193 [main] db - DB user: mti_app
[DEBUG] 2017-11-19 12:23:04.193 [main] db - DB password: mti_app
[DEBUG] 2017-11-19 12:32:24.448 [main] db - Database: mti
[DEBUG] 2017-11-19 12:32:24.450 [main] db - DB user: mti_app
[DEBUG] 2017-11-19 12:32:24.450 [main] db - DB password: mti_app
[DEBUG] 2017-11-19 12:32:24.501 [main] db - Database: mti
[DEBUG] 2017-11-19 12:32:24.501 [main] db - DB user: mti_app
[DEBUG] 2017-11-19 12:32:24.501 [main] db - DB password: mti_app
[DEBUG] 2017-11-19 12:32:24.509 [main] db - Database: mti
[DEBUG] 2017-11-19 12:32:24.510 [main] db - DB user: mti_app
[DEBUG] 2017-11-19 12:32:24.510 [main] db - DB password: mti_app
[DEBUG] 2017-11-19 12:32:24.513 [main] db - Database: mti
[DEBUG] 2017-11-19 12:32:24.513 [main] db - DB user: mti_app
[DEBUG] 2017-11-19 12:32:24.513 [main] db - DB password: mti_app
[DEBUG] 2017-11-19 12:32:24.516 [main] db - Database: mti
[DEBUG] 2017-11-19 12:32:24.516 [main] db - DB user: mti_app
[DEBUG] 2017-11-19 12:32:24.516 [main] db - DB password: mti_app
[DEBUG] 2017-11-19 12:32:24.519 [main] db - Database: mti
[DEBUG] 2017-11-19 12:32:24.519 [main] db - DB user: mti_app
[DEBUG] 2017-11-19 12:32:24.519 [main] db - DB password: mti_app
[DEBUG] 2017-11-19 12:32:24.522 [main] db - Database: mti
[DEBUG] 2017-11-19 12:32:24.522 [main] db - DB user: mti_app
[DEBUG] 2017-11-19 12:32:24.522 [main] db - DB password: mti_app
[DEBUG] 2017-11-19 12:32:24.526 [main] db - Database: mti
[DEBUG] 2017-11-19 12:32:24.526 [main] db - DB user: mti_app
[DEBUG] 2017-11-19 12:32:24.526 [main] db - DB password: mti_app
[DEBUG] 2017-11-19 12:32:24.529 [main] db - Database: mti
[DEBUG] 2017-11-19 12:32:24.529 [main] db - DB user: mti_app
[DEBUG] 2017-11-19 12:32:24.529 [main] db - DB password: mti_app
[DEBUG] 2017-11-19 12:32:24.532 [main] db - Database: mti
[DEBUG] 2017-11-19 12:32:24.532 [main] db - DB user: mti_app
[DEBUG] 2017-11-19 12:32:24.533 [main] db - DB password: mti_app
[DEBUG] 2017-11-19 12:32:24.536 [main] db - Database: mti
[DEBUG] 2017-11-19 12:32:24.536 [main] db - DB user: mti_app
[DEBUG] 2017-11-19 12:32:24.536 [main] db - DB password: mti_app
[DEBUG] 2017-11-19 12:32:24.539 [main] db - Database: mti
[DEBUG] 2017-11-19 12:32:24.539 [main] db - DB user: mti_app
[DEBUG] 2017-11-19 12:32:24.539 [main] db - DB password: mti_app
[DEBUG] 2017-11-19 12:32:24.541 [main] db - Database: mti
[DEBUG] 2017-11-19 12:32:24.541 [main] db - DB user: mti_app
[DEBUG] 2017-11-19 12:32:24.541 [main] db - DB password: mti_app
[DEBUG] 2017-11-19 12:32:24.562 [main] db - Database: mti
[DEBUG] 2017-11-19 12:32:24.563 [main] db - DB user: mti_app
[DEBUG] 2017-11-19 12:32:24.563 [main] db - DB password: mti_app
[DEBUG] 2017-11-19 12:32:24.566 [main] db - Database: mti
[DEBUG] 2017-11-19 12:32:24.566 [main] db - DB user: mti_app
[DEBUG] 2017-11-19 12:32:24.566 [main] db - DB password: mti_app
[DEBUG] 2017-11-19 12:32:24.569 [main] db - Database: mti
[DEBUG] 2017-11-19 12:32:24.569 [main] db - DB user: mti_app
[DEBUG] 2017-11-19 12:32:24.569 [main] db - DB password: mti_app
[DEBUG] 2017-11-19 12:32:24.573 [main] db - Database: mti
[DEBUG] 2017-11-19 12:32:24.573 [main] db - DB user: mti_app
[DEBUG] 2017-11-19 12:32:24.573 [main] db - DB password: mti_app
[DEBUG] 2017-11-19 12:32:24.577 [main] db - Database: mti
[DEBUG] 2017-11-19 12:32:24.577 [main] db - DB user: mti_app
[DEBUG] 2017-11-19 12:32:24.577 [main] db - DB password: mti_app
[DEBUG] 2017-11-22 23:42:00.097 [main] db - Actualizando cuenta CUAAD_UdeG, resultado: 1
[DEBUG] 2017-11-22 23:42:00.103 [main] db - Actualizando cuenta CUAltos, resultado: 1
[DEBUG] 2017-11-22 23:42:00.106 [main] db - Actualizando cuenta cucba_udg, resultado: 1
[DEBUG] 2017-11-22 23:42:00.110 [main] db - Actualizando cuenta CUCEA_OFICIAL, resultado: 1
[DEBUG] 2017-11-22 23:42:00.113 [main] db - Actualizando cuenta cuci_oficial, resultado: 1
[DEBUG] 2017-11-22 23:42:00.116 [main] db - Actualizando cuenta CUCosta, resultado: 1
[DEBUG] 2017-11-22 23:42:00.121 [main] db - Actualizando cuenta CUCSur, resultado: 1
[DEBUG] 2017-11-22 23:42:00.124 [main] db - Actualizando cuenta CULagos_UdeG, resultado: 1
[DEBUG] 2017-11-22 23:42:00.128 [main] db - Actualizando cuenta cunorte_udg, resultado: 1
[DEBUG] 2017-11-22 23:42:00.131 [main] db - Actualizando cuenta CUSur_UdeG, resultado: 1
[DEBUG] 2017-11-22 23:42:00.134 [main] db - Actualizando cuenta Cutonala_udg, resultado: 1
[DEBUG] 2017-11-22 23:42:00.136 [main] db - Actualizando cuenta cuvallesudg, resultado: 1
[DEBUG] 2017-11-22 23:42:00.159 [main] db - Actualizando cuenta DifundeCUCSH, resultado: 1
[DEBUG] 2017-11-22 23:42:00.162 [main] db - Actualizando cuenta OficialCUCS, resultado: 1
[DEBUG] 2017-11-22 23:42:00.166 [main] db - Actualizando cuenta Trafico_ZMG, resultado: 1
[DEBUG] 2017-11-22 23:42:00.169 [main] db - Actualizando cuenta udgcucei, resultado: 1
[DEBUG] 2017-11-22 23:42:00.174 [main] db - Actualizando cuenta Trafico_ZMG, resultado: 1
